\BOOKMARK [1][-]{section.1}{Introducci\363n}{}% 1
\BOOKMARK [1][-]{section.2}{Diagrama de Entidad Relaci\363n}{}% 2
\BOOKMARK [2][-]{subsection.2.1}{Restricciones}{section.2}% 3
\BOOKMARK [1][-]{section.3}{Modelo Relacional}{}% 4
\BOOKMARK [1][-]{section.4}{Suposiciones}{}% 5
\BOOKMARK [1][-]{section.5}{Disenio F\355sico}{}% 6
\BOOKMARK [2][-]{subsection.5.1}{Creaci\363n de tablas}{section.5}% 7
\BOOKMARK [3][-]{subsubsection.5.1.1}{Visita}{subsection.5.1}% 8
\BOOKMARK [3][-]{subsubsection.5.1.2}{Vigente}{subsection.5.1}% 9
\BOOKMARK [3][-]{subsubsection.5.1.3}{Venta}{subsection.5.1}% 10
\BOOKMARK [3][-]{subsubsection.5.1.4}{Usuario}{subsection.5.1}% 11
\BOOKMARK [3][-]{subsubsection.5.1.5}{Tipo de publicaci\363n}{subsection.5.1}% 12
\BOOKMARK [3][-]{subsubsection.5.1.6}{Tarjeta}{subsection.5.1}% 13
\BOOKMARK [3][-]{subsubsection.5.1.7}{Subasta}{subsection.5.1}% 14
\BOOKMARK [3][-]{subsubsection.5.1.8}{Servicio}{subsection.5.1}% 15
\BOOKMARK [3][-]{subsubsection.5.1.9}{Realiza}{subsection.5.1}% 16
\BOOKMARK [3][-]{subsubsection.5.1.10}{Publicaci\363n}{subsection.5.1}% 17
\BOOKMARK [3][-]{subsubsection.5.1.11}{Publica por categor\355a}{subsection.5.1}% 18
\BOOKMARK [3][-]{subsubsection.5.1.12}{Pregunta}{subsection.5.1}% 19
\BOOKMARK [3][-]{subsubsection.5.1.13}{Persona}{subsection.5.1}% 20
\BOOKMARK [3][-]{subsubsection.5.1.14}{Pago}{subsection.5.1}% 21
\BOOKMARK [3][-]{subsubsection.5.1.15}{Oferta}{subsection.5.1}% 22
\BOOKMARK [3][-]{subsubsection.5.1.16}{Localidad}{subsection.5.1}% 23
\BOOKMARK [3][-]{subsubsection.5.1.17}{Finalizada}{subsection.5.1}% 24
\BOOKMARK [3][-]{subsubsection.5.1.18}{Factura}{subsection.5.1}% 25
\BOOKMARK [3][-]{subsubsection.5.1.19}{Es Favorita}{subsection.5.1}% 26
\BOOKMARK [3][-]{subsubsection.5.1.20}{Empresa}{subsection.5.1}% 27
\BOOKMARK [3][-]{subsubsection.5.1.21}{Efectivo}{subsection.5.1}% 28
\BOOKMARK [3][-]{subsubsection.5.1.22}{Direcci\363n}{subsection.5.1}% 29
\BOOKMARK [3][-]{subsubsection.5.1.23}{Corresponde}{subsection.5.1}% 30
\BOOKMARK [3][-]{subsubsection.5.1.24}{Compra}{subsection.5.1}% 31
\BOOKMARK [3][-]{subsubsection.5.1.25}{Categor\355a}{subsection.5.1}% 32
\BOOKMARK [3][-]{subsubsection.5.1.26}{Categor\355a Servicio}{subsection.5.1}% 33
\BOOKMARK [3][-]{subsubsection.5.1.27}{Categor\355a Empresa}{subsection.5.1}% 34
\BOOKMARK [3][-]{subsubsection.5.1.28}{Categor\355a Art\355culo}{subsection.5.1}% 35
\BOOKMARK [3][-]{subsubsection.5.1.29}{Calificaci\363n}{subsection.5.1}% 36
\BOOKMARK [3][-]{subsubsection.5.1.30}{B\372squeda}{subsection.5.1}% 37
\BOOKMARK [3][-]{subsubsection.5.1.31}{Art\355culo}{subsection.5.1}% 38
\BOOKMARK [3][-]{subsubsection.5.1.32}{Triggers}{subsection.5.1}% 39
\BOOKMARK [2][-]{subsection.5.2}{Insercci\363n de datos de prueba}{section.5}% 40
\BOOKMARK [3][-]{subsubsection.5.2.1}{Visita}{subsection.5.2}% 41
\BOOKMARK [3][-]{subsubsection.5.2.2}{Vigente}{subsection.5.2}% 42
\BOOKMARK [3][-]{subsubsection.5.2.3}{Venta}{subsection.5.2}% 43
\BOOKMARK [3][-]{subsubsection.5.2.4}{Usuario}{subsection.5.2}% 44
\BOOKMARK [3][-]{subsubsection.5.2.5}{Tipo de publicaci\363n}{subsection.5.2}% 45
\BOOKMARK [3][-]{subsubsection.5.2.6}{Tarjeta}{subsection.5.2}% 46
\BOOKMARK [3][-]{subsubsection.5.2.7}{Subasta}{subsection.5.2}% 47
\BOOKMARK [3][-]{subsubsection.5.2.8}{Servicio}{subsection.5.2}% 48
\BOOKMARK [3][-]{subsubsection.5.2.9}{Realiza}{subsection.5.2}% 49
\BOOKMARK [3][-]{subsubsection.5.2.10}{Publicaci\363n}{subsection.5.2}% 50
\BOOKMARK [3][-]{subsubsection.5.2.11}{Publica por categor\355a}{subsection.5.2}% 51
\BOOKMARK [3][-]{subsubsection.5.2.12}{Pregunta}{subsection.5.2}% 52
\BOOKMARK [3][-]{subsubsection.5.2.13}{Persona}{subsection.5.2}% 53
\BOOKMARK [3][-]{subsubsection.5.2.14}{Pago}{subsection.5.2}% 54
\BOOKMARK [3][-]{subsubsection.5.2.15}{Oferta}{subsection.5.2}% 55
\BOOKMARK [3][-]{subsubsection.5.2.16}{Localidad}{subsection.5.2}% 56
\BOOKMARK [3][-]{subsubsection.5.2.17}{Finalizada}{subsection.5.2}% 57
\BOOKMARK [3][-]{subsubsection.5.2.18}{Factura}{subsection.5.2}% 58
\BOOKMARK [3][-]{subsubsection.5.2.19}{Es Favorita}{subsection.5.2}% 59
\BOOKMARK [3][-]{subsubsection.5.2.20}{Empresa}{subsection.5.2}% 60
\BOOKMARK [3][-]{subsubsection.5.2.21}{Efectivo}{subsection.5.2}% 61
\BOOKMARK [3][-]{subsubsection.5.2.22}{Direcci\363n}{subsection.5.2}% 62
\BOOKMARK [3][-]{subsubsection.5.2.23}{Corresponde}{subsection.5.2}% 63
\BOOKMARK [3][-]{subsubsection.5.2.24}{Compra}{subsection.5.2}% 64
\BOOKMARK [3][-]{subsubsection.5.2.25}{Categor\355a}{subsection.5.2}% 65
\BOOKMARK [3][-]{subsubsection.5.2.26}{Categor\355a Servicio}{subsection.5.2}% 66
\BOOKMARK [3][-]{subsubsection.5.2.27}{Categor\355a Empresa}{subsection.5.2}% 67
\BOOKMARK [3][-]{subsubsection.5.2.28}{Categor\355a Art\355culo}{subsection.5.2}% 68
\BOOKMARK [3][-]{subsubsection.5.2.29}{Calificaci\363n}{subsection.5.2}% 69
\BOOKMARK [3][-]{subsubsection.5.2.30}{B\372squeda}{subsection.5.2}% 70
\BOOKMARK [3][-]{subsubsection.5.2.31}{Art\355culo}{subsection.5.2}% 71
\BOOKMARK [1][-]{section.6}{C\363digo}{}% 72
\BOOKMARK [2][-]{subsection.6.1}{Consultas por Usuario}{section.6}% 73
\BOOKMARK [3][-]{subsubsection.6.1.1}{Obtener, para un usuario especifico, informacion sobre los art\355culos que ha comprado y vendido}{subsection.6.1}% 74
\BOOKMARK [3][-]{subsubsection.6.1.2}{Dado un usuario, los art\355culos que visito con su fecha}{subsection.6.1}% 75
\BOOKMARK [3][-]{subsubsection.6.1.3}{Dado un usuario, los art\355culos que tiene en su lista de favoritos.}{subsection.6.1}% 76
\BOOKMARK [3][-]{subsubsection.6.1.4}{Dado un usuario, las primeras 3 categor\355as mas visitadas en el ultimo anio}{subsection.6.1}% 77
\BOOKMARK [2][-]{subsection.6.2}{Consultas por categor\355a de producto}{section.6}% 78
\BOOKMARK [3][-]{subsubsection.6.2.1}{Obtener dado una categor\355a de producto un listado de los vendedores que han publicado art\355culos de dicha categor\355a y la cantidad de ventas que hizo cada uno. }{subsection.6.2}% 79
\BOOKMARK [2][-]{subsection.6.3}{Funcion Ofertar}{section.6}% 80
\BOOKMARK [3][-]{subsubsection.6.3.1}{Debe permitir al usuario ofertar una suma en una subasta, 1 peso mayor a la oferta actual y menor al doble. }{subsection.6.3}% 81
\BOOKMARK [2][-]{subsection.6.4}{Consultas por Usuario y preguntas}{section.6}% 82
\BOOKMARK [3][-]{subsubsection.6.4.1}{Obtener para un usuarios la lista de preguntas que hizo y su respuesta.}{subsection.6.4}% 83
\BOOKMARK [2][-]{subsection.6.5}{Consultas por keyword}{section.6}% 84
\BOOKMARK [3][-]{subsubsection.6.5.1}{Obtener para un cierto keyword la lista de publicaciones vigentes que tengan en el t\355tulo dicho keyword.}{subsection.6.5}% 85
\BOOKMARK [2][-]{subsection.6.6}{Consultas por ganadores}{section.6}% 86
\BOOKMARK [3][-]{subsubsection.6.6.1}{ obtener, para un anio especifico, el ganador/es.}{subsection.6.6}% 87
\BOOKMARK [1][-]{section.7}{Conclusiones}{}% 88
