\BOOKMARK [1][-]{section.1}{Introducci\363n}{}% 1
\BOOKMARK [1][-]{section.2}{Parte 1 - Dise\361o}{}% 2
\BOOKMARK [2][-]{subsection.2.1}{Diagrama Entidad relacion}{section.2}% 3
\BOOKMARK [2][-]{subsection.2.2}{Colecciones}{section.2}% 4
\BOOKMARK [3][-]{subsubsection.2.2.1}{Publicaciones}{subsection.2.2}% 5
\BOOKMARK [3][-]{subsubsection.2.2.2}{Compra}{subsection.2.2}% 6
\BOOKMARK [3][-]{subsubsection.2.2.3}{Factura}{subsection.2.2}% 7
\BOOKMARK [2][-]{subsection.2.3}{Migracion datos SQL a Colecciones}{section.2}% 8
\BOOKMARK [3][-]{subsubsection.2.3.1}{Parser para el JSON de la compra}{subsection.2.3}% 9
\BOOKMARK [3][-]{subsubsection.2.3.2}{Parser para el JSON de la Facutra}{subsection.2.3}% 10
\BOOKMARK [2][-]{subsection.2.4}{Consultas SQL}{section.2}% 11
\BOOKMARK [3][-]{subsubsection.2.4.1}{SQL de Publicaciones}{subsection.2.4}% 12
\BOOKMARK [3][-]{subsubsection.2.4.2}{SQL de Compras}{subsection.2.4}% 13
\BOOKMARK [3][-]{subsubsection.2.4.3}{SQL de Facturas}{subsection.2.4}% 14
\BOOKMARK [2][-]{subsection.2.5}{Implementacion MongoDB}{section.2}% 15
\BOOKMARK [1][-]{section.3}{Parte 2 - Map Reduce}{}% 16
\BOOKMARK [2][-]{subsection.3.1}{Ejercicio 1}{section.3}% 17
\BOOKMARK [2][-]{subsection.3.2}{Ejercicio 2}{section.3}% 18
\BOOKMARK [2][-]{subsection.3.3}{Ejercicio 3}{section.3}% 19
\BOOKMARK [2][-]{subsection.3.4}{Ejercicio 4}{section.3}% 20
\BOOKMARK [2][-]{subsection.3.5}{Ejercicio 5}{section.3}% 21
\BOOKMARK [2][-]{subsection.3.6}{Ejercicio 6}{section.3}% 22
\BOOKMARK [1][-]{section.4}{Parte 3 - Sharding}{}% 23
\BOOKMARK [1][-]{section.5}{Conclusiones}{}% 24
